[0m2021.04.03 22:07:43 INFO  tracing is disabled for protocol LSP, to enable tracing of incoming and outgoing JSON messages create an empty file at c:\Users\Grace\Desktop\Inso Proyect\semester-project-team-12\null\scalameta\metals\cache\lsp.trace.json[0m
[0m2021.04.03 22:07:43 INFO  Starting Metals server with configuration: MetalsServerConfig(
  glob-syntax=GlobSyntaxConfig(vscode),
  status-bar=StatusBarConfig(off),
  open-files-on-rename=false,
  rename-file-threshold=300,
  slow-task=SlowTaskConfig(off),
  execute-client-command=ExecuteClientCommandConfig(off),
  compilers=PresentationCompilerConfigImpl(false,Some(editor.action.triggerParameterHints),Some(editor.action.triggerSuggest),Map(scala/collection/mutable/ -> mutable., java/util/ -> ju.),Unicode,true,true,true,true,true,true,true,scala.meta.internal.pc.PresentationCompilerConfigImpl$$$Lambda$72/0x0000000800cb3c20@1e04fa0a,20,SECONDS),
  http=false,
  input-box=false,
  ask-to-reconnect=false,
  icons=vscode,
  statistics=StatisticsConfig(default),
  bloop-port=default
)[0m
[0m2021.04.03 22:07:44 INFO  logging to file C:\Users\Grace\Desktop\Inso Proyect\semester-project-team-12\.metals\metals.log[0m
[0m2021.04.04 15:29:03 INFO  tracing is disabled for protocol LSP, to enable tracing of incoming and outgoing JSON messages create an empty file at c:\Users\Grace\Desktop\Inso Proyect\semester-project-team-12\null\scalameta\metals\cache\lsp.trace.json[0m
[0m2021.04.04 15:29:03 INFO  Starting Metals server with configuration: MetalsServerConfig(
  glob-syntax=GlobSyntaxConfig(vscode),
  status-bar=StatusBarConfig(off),
  open-files-on-rename=false,
  rename-file-threshold=300,
  slow-task=SlowTaskConfig(off),
  execute-client-command=ExecuteClientCommandConfig(off),
  compilers=PresentationCompilerConfigImpl(false,Some(editor.action.triggerParameterHints),Some(editor.action.triggerSuggest),Map(scala/collection/mutable/ -> mutable., java/util/ -> ju.),Unicode,true,true,true,true,true,true,true,scala.meta.internal.pc.PresentationCompilerConfigImpl$$$Lambda$72/0x0000000800cb3c20@614ca7df,20,SECONDS),
  http=false,
  input-box=false,
  ask-to-reconnect=false,
  icons=vscode,
  statistics=StatisticsConfig(default),
  bloop-port=default
)[0m
[0m2021.04.04 15:29:05 INFO  logging to file C:\Users\Grace\Desktop\Inso Proyect\semester-project-team-12\.metals\metals.log[0m
