[0m2021.04.03 22:07:44 INFO  Started: Metals version 0.10.0 in workspace 'C:\Users\Grace\Desktop\Inso Proyect\semester-project-team-12' for client vscode 1.55.0.[0m
[0m2021.04.03 22:07:45 INFO  time: initialize in 1.88s[0m
[0m2021.04.03 22:07:46 WARN  Build server is not auto-connectable.[0m
[0m2021.04.03 22:07:46 WARN  no build tool detected in workspace 'C:\Users\Grace\Desktop\Inso Proyect\semester-project-team-12'. The most common cause for this problem is that the editor was opened in the wrong working directory, for example if you use sbt then the workspace directory should contain build.sbt. [0m
Apr 03, 2021 10:26:02 PM org.eclipse.lsp4j.jsonrpc.services.GenericEndpoint notify
INFO: Unsupported notification method: $/setTraceNotification
[0m2021.04.04 15:27:34 INFO  shutting down Metals[0m
[0m2021.04.04 15:29:05 INFO  Started: Metals version 0.10.0 in workspace 'C:\Users\Grace\Desktop\Inso Proyect\semester-project-team-12' for client vscode 1.55.0.[0m
[0m2021.04.04 15:29:08 INFO  time: initialize in 3.71s[0m
[0m2021.04.04 15:29:10 WARN  Build server is not auto-connectable.[0m
[0m2021.04.04 15:29:10 WARN  no build tool detected in workspace 'C:\Users\Grace\Desktop\Inso Proyect\semester-project-team-12'. The most common cause for this problem is that the editor was opened in the wrong working directory, for example if you use sbt then the workspace directory should contain build.sbt. [0m
Apr 04, 2021 8:35:39 PM org.eclipse.lsp4j.jsonrpc.services.GenericEndpoint notify
INFO: Unsupported notification method: $/setTraceNotification
[0m2021.04.05 01:32:34 INFO  Started: Metals version 0.10.0 in workspace 'C:\Users\Grace\Desktop\Inso Proyect\semester-project-team-12' for client vscode 1.55.0.[0m
[0m2021.04.05 01:32:35 INFO  time: initialize in 1.33s[0m
[0m2021.04.05 01:32:39 WARN  Build server is not auto-connectable.[0m
[0m2021.04.05 01:32:39 WARN  no build tool detected in workspace 'C:\Users\Grace\Desktop\Inso Proyect\semester-project-team-12'. The most common cause for this problem is that the editor was opened in the wrong working directory, for example if you use sbt then the workspace directory should contain build.sbt. [0m
Apr 05, 2021 1:57:05 PM org.eclipse.lsp4j.jsonrpc.services.GenericEndpoint notify
INFO: Unsupported notification method: $/setTraceNotification
[0m2021.04.07 00:13:14 INFO  Started: Metals version 0.10.0 in workspace 'C:\Users\Grace\Desktop\Inso Proyect\semester-project-team-12' for client vscode 1.55.0.[0m
[0m2021.04.07 00:13:15 INFO  time: initialize in 1.4s[0m
[0m2021.04.07 00:13:19 WARN  Build server is not auto-connectable.[0m
[0m2021.04.07 00:13:19 WARN  no build tool detected in workspace 'C:\Users\Grace\Desktop\Inso Proyect\semester-project-team-12'. The most common cause for this problem is that the editor was opened in the wrong working directory, for example if you use sbt then the workspace directory should contain build.sbt. [0m
[0m2021.04.09 20:38:18 INFO  Started: Metals version 0.10.1 in workspace 'C:\Users\Grace\Desktop\Inso Proyect\semester-project-team-12' for client vscode 1.55.0.[0m
[0m2021.04.09 20:38:21 INFO  time: initialize in 3.15s[0m
[0m2021.04.09 20:38:26 WARN  Build server is not auto-connectable.[0m
[0m2021.04.09 20:38:26 WARN  no build tool detected in workspace 'C:\Users\Grace\Desktop\Inso Proyect\semester-project-team-12'. The most common cause for this problem is that the editor was opened in the wrong working directory, for example if you use sbt then the workspace directory should contain build.sbt. [0m
[0m2021.04.17 02:04:42 INFO  Started: Metals version 0.10.1 in workspace 'C:\Users\Grace\Desktop\Inso Proyect\semester-project-team-12' for client vscode 1.55.0.[0m
[0m2021.04.17 02:04:44 INFO  time: initialize in 2.04s[0m
[0m2021.04.17 02:04:48 WARN  Build server is not auto-connectable.[0m
[0m2021.04.17 02:04:48 WARN  no build tool detected in workspace 'C:\Users\Grace\Desktop\Inso Proyect\semester-project-team-12'. The most common cause for this problem is that the editor was opened in the wrong working directory, for example if you use sbt then the workspace directory should contain build.sbt. [0m
[0m2021.04.17 02:16:26 INFO  shutting down Metals[0m
[0m2021.04.22 15:12:53 INFO  Started: Metals version 0.10.1 in workspace 'C:\Users\Grace\Desktop\Inso Proyect\semester-project-team-12' for client vscode 1.55.2.[0m
[0m2021.04.22 15:12:54 INFO  time: initialize in 1.28s[0m
[0m2021.04.22 15:12:55 WARN  Build server is not auto-connectable.[0m
[0m2021.04.22 15:12:55 WARN  no build tool detected in workspace 'C:\Users\Grace\Desktop\Inso Proyect\semester-project-team-12'. The most common cause for this problem is that the editor was opened in the wrong working directory, for example if you use sbt then the workspace directory should contain build.sbt. [0m
Apr 22, 2021 3:25:29 PM org.eclipse.lsp4j.jsonrpc.services.GenericEndpoint notify
INFO: Unsupported notification method: $/setTraceNotification
Apr 22, 2021 3:34:21 PM org.eclipse.lsp4j.jsonrpc.services.GenericEndpoint notify
INFO: Unsupported notification method: $/setTraceNotification
[0m2021.04.22 15:45:40 INFO  shutting down Metals[0m
[0m2021.04.23 22:38:46 INFO  Started: Metals version 0.10.1 in workspace 'C:\Users\Grace\Desktop\Inso Proyect\semester-project-team-12' for client vscode 1.55.2.[0m
[0m2021.04.23 22:38:48 INFO  time: initialize in 2.1s[0m
[0m2021.04.23 22:38:48 WARN  Build server is not auto-connectable.[0m
[0m2021.04.23 22:38:48 WARN  no build tool detected in workspace 'C:\Users\Grace\Desktop\Inso Proyect\semester-project-team-12'. The most common cause for this problem is that the editor was opened in the wrong working directory, for example if you use sbt then the workspace directory should contain build.sbt. [0m
[0m2021.04.24 15:07:48 INFO  Started: Metals version 0.10.2 in workspace 'C:\Users\Grace\Desktop\Inso Proyect\semester-project-team-12' for client vscode 1.55.2.[0m
[0m2021.04.24 15:07:50 INFO  time: initialize in 1.9s[0m
[0m2021.04.24 15:07:55 WARN  Build server is not auto-connectable.[0m
[0m2021.04.24 15:07:55 WARN  no build tool detected in workspace 'C:\Users\Grace\Desktop\Inso Proyect\semester-project-team-12'. The most common cause for this problem is that the editor was opened in the wrong working directory, for example if you use sbt then the workspace directory should contain build.sbt. [0m
[0m2021.04.24 19:11:05 INFO  shutting down Metals[0m
